Using pre-set license
Built from '2020.3/staging' branch; Version is '2020.3.4f1 (0abb6314276a) revision 703331'; Using compiler version '192528614'; Build Type 'Release'
OS: 'Windows 10 Home; OS build 18363.1316; Version 1909; 64bit' Language: 'ja' Physical Memory: 16230 MB
BatchMode: 1, IsHumanControllingUs: 0, StartBugReporterOnCrash: 0, Is64bit: 1, IsPro: 0

 COMMAND LINE ARGUMENTS:
C:\Program Files\Unity\Hub\Editor\2020.3.4f1\Editor\Unity.exe
-adb2
-batchMode
-noUpm
-name
AssetImportWorker0
-projectPath
C:/Users/harus/Desktop/XR/Unity/UnityDateHub/UTV_Unity_Lesson02
-logFile
Logs/AssetImportWorker0.log
-srvPort
54394
Successfully changed project path to: C:/Users/harus/Desktop/XR/Unity/UnityDateHub/UTV_Unity_Lesson02
C:/Users/harus/Desktop/XR/Unity/UnityDateHub/UTV_Unity_Lesson02
Using Asset Import Pipeline V2.
Refreshing native plugins compatible for Editor in 453.48 ms, found 4 plugins.
Preloading 1 native plugins for Editor in 6.80 ms.
Initialize engine version: 2020.3.4f1 (0abb6314276a)
[Subsystems] Discovering subsystems at path C:/Program Files/Unity/Hub/Editor/2020.3.4f1/Editor/Data/Resources/UnitySubsystems
[Subsystems] Discovering subsystems at path C:/Users/harus/Desktop/XR/Unity/UnityDateHub/UTV_Unity_Lesson02/Assets
GfxDevice: creating device client; threaded=0
Direct3D:
    Version:  Direct3D 11.0 [level 11.1]
    Renderer: NVIDIA GeForce GTX 1050 (ID=0x1c8d)
    Vendor:   
    VRAM:     1977 MB
    Driver:   27.21.14.5720
Shader 'Oculus/OVRMRCameraFrameLit': fallback shader 'Alpha-Diffuse' not found
Initialize mono
Mono path[0] = 'C:/Program Files/Unity/Hub/Editor/2020.3.4f1/Editor/Data/Managed'
Mono path[1] = 'C:/Program Files/Unity/Hub/Editor/2020.3.4f1/Editor/Data/MonoBleedingEdge/lib/mono/unityjit'
Mono config path = 'C:/Program Files/Unity/Hub/Editor/2020.3.4f1/Editor/Data/MonoBleedingEdge/etc'
Using monoOptions --debugger-agent=transport=dt_socket,embedding=1,server=y,suspend=n,address=127.0.0.1:56004
Begin MonoManager ReloadAssembly
Registering precompiled unity dll's ...
Register platform support module: C:/Program Files/Unity/Hub/Editor/2020.3.4f1/Editor/Data/PlaybackEngines/WindowsStandaloneSupport/UnityEditor.WindowsStandalone.Extensions.dll
Registered in 0.010170 seconds.
Native extension for WindowsStandalone target not found
Refreshing native plugins compatible for Editor in 262.18 ms, found 4 plugins.
Preloading 1 native plugins for Editor in 0.24 ms.
Mono: successfully reloaded assembly
- Completed reload, in  9.011 seconds
Platform modules already initialized, skipping
Registering precompiled user dll's ...
Registered in 0.037116 seconds.
Begin MonoManager ReloadAssembly
Native extension for WindowsStandalone target not found
Refreshing native plugins compatible for Editor in 1.75 ms, found 4 plugins.
Preloading 1 native plugins for Editor in 0.35 ms.
[XR] OculusXRPlugin: registering subsystems
[XR] Unable to register display lifecyle provider: [1]
[XR] Oculus Input lifecycle provider registered.
[XR] Unable to register input lifecyle provider: [1]
[XR] OVRP version 1.60.0
Mono: successfully reloaded assembly
- Completed reload, in  3.452 seconds
Platform modules already initialized, skipping
========================================================================
Worker process is ready to serve import requests
Shader 'Oculus/OVRMRCameraFrameLit': fallback shader 'Alpha-Diffuse' not found
Launched and connected shader compiler UnityShaderCompiler.exe after 0.22 seconds
Refreshing native plugins compatible for Editor in 2.13 ms, found 4 plugins.
Preloading 1 native plugins for Editor in 0.24 ms.
Unloading 1760 Unused Serialized files (Serialized files now loaded: 0)
System memory in use before: 88.4 MB.
System memory in use after: 88.5 MB.

Unloading 35 unused Assets to reduce memory usage. Loaded Objects now: 2185.
Total: 6.019100 ms (FindLiveObjects: 0.471300 ms CreateObjectMapping: 0.221400 ms MarkObjects: 5.056000 ms  DeleteObjects: 0.267400 ms)

========================================================================
Received Import Request.
  path: Assets/Oculus/SampleFramework/Core/CustomHands/CustomHandLeft.prefab
  artifactKey: Guid(e6ba3498ffa1e534b91a07264266e6b8) Importer(815301076,1909f56bfc062723c751e8b465ee728b)
Start importing Assets/Oculus/SampleFramework/Core/CustomHands/CustomHandLeft.prefab using Guid(e6ba3498ffa1e534b91a07264266e6b8) Importer(815301076,1909f56bfc062723c751e8b465ee728b)  -> (artifact id: 'df40d84ca5bafff842c2bea96c5004e1') in 0.812578 seconds
  Import took 0.825388 seconds .

========================================================================
Received Import Request.
  Time since last request: 0.000664 seconds.
  path: Assets/Oculus/SampleFramework/Core/CustomHands/CustomHandRight.prefab
  artifactKey: Guid(ba1fa4a8c66106b4988c88fe4b8e8502) Importer(815301076,1909f56bfc062723c751e8b465ee728b)
Start importing Assets/Oculus/SampleFramework/Core/CustomHands/CustomHandRight.prefab using Guid(ba1fa4a8c66106b4988c88fe4b8e8502) Importer(815301076,1909f56bfc062723c751e8b465ee728b)  -> (artifact id: 'f965c0fb0a9fd7004bb2dc926b32c7a9') in 0.109273 seconds
  Import took 0.124227 seconds .

========================================================================
Received Prepare
Shader 'Oculus/OVRMRCameraFrameLit': fallback shader 'Alpha-Diffuse' not found
Refreshing native plugins compatible for Editor in 102.31 ms, found 4 plugins.
Preloading 1 native plugins for Editor in 0.97 ms.
Unloading 27 Unused Serialized files (Serialized files now loaded: 0)
System memory in use before: 68.1 MB.
System memory in use after: 68.2 MB.

Unloading 27 unused Assets to reduce memory usage. Loaded Objects now: 2193.
Total: 11.687200 ms (FindLiveObjects: 0.702200 ms CreateObjectMapping: 0.382300 ms MarkObjects: 10.292200 ms  DeleteObjects: 0.306200 ms)

========================================================================
Received Import Request.
  Time since last request: 868.900126 seconds.
  path: ProjectSettings/TagManager.asset
  artifactKey: Guid(00000000000000003000000000000000) Importer(815301076,1909f56bfc062723c751e8b465ee728b)
Start importing ProjectSettings/TagManager.asset using Guid(00000000000000003000000000000000) Importer(815301076,1909f56bfc062723c751e8b465ee728b)  -> (artifact id: '5cdd425f01cf626211dd37e1af0dc49e') in 0.021610 seconds
  Import took 0.028581 seconds .

========================================================================
Received Prepare
Shader 'Oculus/OVRMRCameraFrameLit': fallback shader 'Alpha-Diffuse' not found
Refreshing native plugins compatible for Editor in 56.17 ms, found 4 plugins.
Preloading 1 native plugins for Editor in 0.49 ms.
Unloading 27 Unused Serialized files (Serialized files now loaded: 0)
System memory in use before: 68.1 MB.
System memory in use after: 68.2 MB.

Unloading 28 unused Assets to reduce memory usage. Loaded Objects now: 2193.
Total: 12.425300 ms (FindLiveObjects: 0.767300 ms CreateObjectMapping: 0.314600 ms MarkObjects: 11.129400 ms  DeleteObjects: 0.209400 ms)

========================================================================
Received Prepare
Shader 'Oculus/OVRMRCameraFrameLit': fallback shader 'Alpha-Diffuse' not found
Refreshing native plugins compatible for Editor in 53.91 ms, found 4 plugins.
Preloading 1 native plugins for Editor in 0.20 ms.
Unloading 27 Unused Serialized files (Serialized files now loaded: 0)
System memory in use before: 68.1 MB.
System memory in use after: 68.2 MB.

Unloading 27 unused Assets to reduce memory usage. Loaded Objects now: 2193.
Total: 10.282900 ms (FindLiveObjects: 0.695900 ms CreateObjectMapping: 0.368000 ms MarkObjects: 9.015700 ms  DeleteObjects: 0.198200 ms)

========================================================================
Received Prepare
Registering precompiled user dll's ...
Registered in 0.009333 seconds.
Begin MonoManager ReloadAssembly
Native extension for WindowsStandalone target not found
Refreshing native plugins compatible for Editor in 0.60 ms, found 4 plugins.
Preloading 1 native plugins for Editor in 0.07 ms.
Mono: successfully reloaded assembly
- Completed reload, in  0.881 seconds
Platform modules already initialized, skipping
Switching build target platform(5) subTarget(0) extendedPlatform(0) -> platform(13) subTarget(524294) extendedPlatform(0)
Shader 'Oculus/OVRMRCameraFrameLit': fallback shader 'Alpha-Diffuse' not found
Refreshing native plugins compatible for Editor in 0.59 ms, found 4 plugins.
Preloading 1 native plugins for Editor in 0.08 ms.
Unloading 1701 Unused Serialized files (Serialized files now loaded: 0)
System memory in use before: 100.1 MB.
System memory in use after: 100.2 MB.

Unloading 30 unused Assets to reduce memory usage. Loaded Objects now: 2197.
Total: 2.166900 ms (FindLiveObjects: 0.179700 ms CreateObjectMapping: 0.060300 ms MarkObjects: 1.777800 ms  DeleteObjects: 0.148100 ms)

AssetImportParameters requested are different than current active one (requested -> active):
  custom:graphics/normal-map-encoding: 01000000000000000000000000000000 -> 02000000000000000000000000000000
========================================================================
Received Prepare
Shader 'Oculus/OVRMRCameraFrameLit': fallback shader 'Alpha-Diffuse' not found
Refreshing native plugins compatible for Editor in 12.72 ms, found 4 plugins.
Preloading 1 native plugins for Editor in 0.06 ms.
Unloading 27 Unused Serialized files (Serialized files now loaded: 0)
System memory in use before: 67.2 MB.
System memory in use after: 67.3 MB.

Unloading 27 unused Assets to reduce memory usage. Loaded Objects now: 2197.
Total: 2.043200 ms (FindLiveObjects: 0.269500 ms CreateObjectMapping: 0.088200 ms MarkObjects: 1.600600 ms  DeleteObjects: 0.083600 ms)

========================================================================
Received Import Request.
  Time since last request: 1443.914804 seconds.
  path: ProjectSettings/TagManager.asset
  artifactKey: Guid(00000000000000003000000000000000) Importer(815301076,1909f56bfc062723c751e8b465ee728b)
Start importing ProjectSettings/TagManager.asset using Guid(00000000000000003000000000000000) Importer(815301076,1909f56bfc062723c751e8b465ee728b)  -> (artifact id: 'b263183df8f5d09302c2dffa777680c1') in 0.014916 seconds
  Import took 0.019777 seconds .

========================================================================
Received Prepare
Shader 'Oculus/OVRMRCameraFrameLit': fallback shader 'Alpha-Diffuse' not found
Refreshing native plugins compatible for Editor in 36.01 ms, found 4 plugins.
Preloading 1 native plugins for Editor in 0.16 ms.
Unloading 27 Unused Serialized files (Serialized files now loaded: 0)
System memory in use before: 67.3 MB.
System memory in use after: 67.3 MB.

Unloading 28 unused Assets to reduce memory usage. Loaded Objects now: 2197.
Total: 5.687200 ms (FindLiveObjects: 0.617900 ms CreateObjectMapping: 0.215300 ms MarkObjects: 4.719000 ms  DeleteObjects: 0.131800 ms)

========================================================================
Received Prepare
Shader 'Oculus/OVRMRCameraFrameLit': fallback shader 'Alpha-Diffuse' not found
Refreshing native plugins compatible for Editor in 66.82 ms, found 4 plugins.
Preloading 1 native plugins for Editor in 0.78 ms.
Unloading 27 Unused Serialized files (Serialized files now loaded: 0)
System memory in use before: 67.3 MB.
System memory in use after: 67.3 MB.

Unloading 27 unused Assets to reduce memory usage. Loaded Objects now: 2197.
Total: 11.825500 ms (FindLiveObjects: 1.018100 ms CreateObjectMapping: 0.283500 ms MarkObjects: 10.286700 ms  DeleteObjects: 0.231300 ms)

========================================================================
Received Prepare
Shader 'Oculus/OVRMRCameraFrameLit': fallback shader 'Alpha-Diffuse' not found
Refreshing native plugins compatible for Editor in 33.40 ms, found 4 plugins.
Preloading 1 native plugins for Editor in 0.19 ms.
Unloading 27 Unused Serialized files (Serialized files now loaded: 0)
System memory in use before: 67.3 MB.
System memory in use after: 67.3 MB.

Unloading 27 unused Assets to reduce memory usage. Loaded Objects now: 2197.
Total: 5.181200 ms (FindLiveObjects: 0.362700 ms CreateObjectMapping: 0.119700 ms MarkObjects: 4.520500 ms  DeleteObjects: 0.175600 ms)

========================================================================
Received Import Request.
  Time since last request: 1154.338093 seconds.
  path: ProjectSettings/TagManager.asset
  artifactKey: Guid(00000000000000003000000000000000) Importer(815301076,1909f56bfc062723c751e8b465ee728b)
Start importing ProjectSettings/TagManager.asset using Guid(00000000000000003000000000000000) Importer(815301076,1909f56bfc062723c751e8b465ee728b)  -> (artifact id: '179dadd909df8c3a5e91b16c14523bf6') in 0.014172 seconds
  Import took 0.021075 seconds .

========================================================================
Received Prepare
Shader 'Oculus/OVRMRCameraFrameLit': fallback shader 'Alpha-Diffuse' not found
Refreshing native plugins compatible for Editor in 48.58 ms, found 4 plugins.
Preloading 1 native plugins for Editor in 0.29 ms.
Unloading 27 Unused Serialized files (Serialized files now loaded: 0)
System memory in use before: 67.3 MB.
System memory in use after: 67.4 MB.

Unloading 28 unused Assets to reduce memory usage. Loaded Objects now: 2197.
Total: 13.797500 ms (FindLiveObjects: 0.697300 ms CreateObjectMapping: 0.282800 ms MarkObjects: 12.580900 ms  DeleteObjects: 0.230400 ms)

========================================================================
Received Prepare
Shader 'Oculus/OVRMRCameraFrameLit': fallback shader 'Alpha-Diffuse' not found
Refreshing native plugins compatible for Editor in 53.67 ms, found 4 plugins.
Preloading 1 native plugins for Editor in 0.23 ms.
Unloading 27 Unused Serialized files (Serialized files now loaded: 0)
System memory in use before: 67.3 MB.
System memory in use after: 67.3 MB.

Unloading 27 unused Assets to reduce memory usage. Loaded Objects now: 2197.
Total: 12.477000 ms (FindLiveObjects: 0.605100 ms CreateObjectMapping: 0.476500 ms MarkObjects: 11.207800 ms  DeleteObjects: 0.183000 ms)

========================================================================
Received Prepare
Shader 'Oculus/OVRMRCameraFrameLit': fallback shader 'Alpha-Diffuse' not found
Refreshing native plugins compatible for Editor in 75.93 ms, found 4 plugins.
Preloading 1 native plugins for Editor in 0.39 ms.
Unloading 27 Unused Serialized files (Serialized files now loaded: 0)
System memory in use before: 67.3 MB.
System memory in use after: 67.3 MB.

Unloading 27 unused Assets to reduce memory usage. Loaded Objects now: 2197.
Total: 8.994500 ms (FindLiveObjects: 0.753400 ms CreateObjectMapping: 0.238700 ms MarkObjects: 7.791300 ms  DeleteObjects: 0.205500 ms)

AssetImportWorkerClient::OnTransportError - code=2 error=End of file
