Using pre-set license
Built from '2020.3/staging' branch; Version is '2020.3.4f1 (0abb6314276a) revision 703331'; Using compiler version '192528614'; Build Type 'Release'
OS: 'Windows 10 Home; OS build 18363.1316; Version 1909; 64bit' Language: 'ja' Physical Memory: 16230 MB
BatchMode: 1, IsHumanControllingUs: 0, StartBugReporterOnCrash: 0, Is64bit: 1, IsPro: 0

 COMMAND LINE ARGUMENTS:
C:\Program Files\Unity\Hub\Editor\2020.3.4f1\Editor\Unity.exe
-adb2
-batchMode
-noUpm
-name
AssetImportWorker0
-projectPath
C:/Users/harus/Desktop/XR/Unity/UnityDateHub/UTV_Unity_Lesson02
-logFile
Logs/AssetImportWorker0.log
-srvPort
56771
Successfully changed project path to: C:/Users/harus/Desktop/XR/Unity/UnityDateHub/UTV_Unity_Lesson02
C:/Users/harus/Desktop/XR/Unity/UnityDateHub/UTV_Unity_Lesson02
Using Asset Import Pipeline V2.
Refreshing native plugins compatible for Editor in 240.97 ms, found 3 plugins.
Preloading 1 native plugins for Editor in 6.52 ms.
Initialize engine version: 2020.3.4f1 (0abb6314276a)
[Subsystems] Discovering subsystems at path C:/Program Files/Unity/Hub/Editor/2020.3.4f1/Editor/Data/Resources/UnitySubsystems
[Subsystems] Discovering subsystems at path C:/Users/harus/Desktop/XR/Unity/UnityDateHub/UTV_Unity_Lesson02/Assets
GfxDevice: creating device client; threaded=0
Direct3D:
    Version:  Direct3D 11.0 [level 11.1]
    Renderer: NVIDIA GeForce GTX 1050 (ID=0x1c8d)
    Vendor:   
    VRAM:     1977 MB
    Driver:   27.21.14.5720
Shader 'Oculus/OVRMRCameraFrameLit': fallback shader 'Alpha-Diffuse' not found
Initialize mono
Mono path[0] = 'C:/Program Files/Unity/Hub/Editor/2020.3.4f1/Editor/Data/Managed'
Mono path[1] = 'C:/Program Files/Unity/Hub/Editor/2020.3.4f1/Editor/Data/MonoBleedingEdge/lib/mono/unityjit'
Mono config path = 'C:/Program Files/Unity/Hub/Editor/2020.3.4f1/Editor/Data/MonoBleedingEdge/etc'
Using monoOptions --debugger-agent=transport=dt_socket,embedding=1,server=y,suspend=n,address=127.0.0.1:56784
Begin MonoManager ReloadAssembly
Registering precompiled unity dll's ...
Register platform support module: C:/Program Files/Unity/Hub/Editor/2020.3.4f1/Editor/Data/PlaybackEngines/WindowsStandaloneSupport/UnityEditor.WindowsStandalone.Extensions.dll
Registered in 0.010484 seconds.
Native extension for WindowsStandalone target not found
Refreshing native plugins compatible for Editor in 197.24 ms, found 3 plugins.
Preloading 1 native plugins for Editor in 0.25 ms.
Mono: successfully reloaded assembly
- Completed reload, in  7.731 seconds
Platform modules already initialized, skipping
Registering precompiled user dll's ...
Registered in 0.013316 seconds.
Begin MonoManager ReloadAssembly
Native extension for WindowsStandalone target not found
Refreshing native plugins compatible for Editor in 1.41 ms, found 3 plugins.
Preloading 1 native plugins for Editor in 0.23 ms.
Mono: successfully reloaded assembly
- Completed reload, in  3.503 seconds
Platform modules already initialized, skipping
========================================================================
Worker process is ready to serve import requests
Shader 'Oculus/OVRMRCameraFrameLit': fallback shader 'Alpha-Diffuse' not found
Launched and connected shader compiler UnityShaderCompiler.exe after 0.33 seconds
Refreshing native plugins compatible for Editor in 2.00 ms, found 3 plugins.
Preloading 1 native plugins for Editor in 0.20 ms.
Unloading 1657 Unused Serialized files (Serialized files now loaded: 0)
System memory in use before: 85.7 MB.
System memory in use after: 85.7 MB.

Unloading 34 unused Assets to reduce memory usage. Loaded Objects now: 2080.
Total: 6.266200 ms (FindLiveObjects: 0.527900 ms CreateObjectMapping: 0.215500 ms MarkObjects: 5.155300 ms  DeleteObjects: 0.364600 ms)

========================================================================
Received Import Request.
  path: Assets/Oculus
  artifactKey: Guid(dd9be2267edeb9147b63c88c0e464cf1) Importer(815301076,1909f56bfc062723c751e8b465ee728b)
Start importing Assets/Oculus using Guid(dd9be2267edeb9147b63c88c0e464cf1) Importer(815301076,1909f56bfc062723c751e8b465ee728b)  -> (artifact id: 'f9bc175676497ed82895965c91e58dfe') in 0.021726 seconds
  Import took 0.029568 seconds .

